D:\Version\ПримерAngularAppCatalog\AngularAppCatalog\AngularAppCatalog\ClientApp\app\app.component.js
D:\Version\ПримерAngularAppCatalog\AngularAppCatalog\AngularAppCatalog\ClientApp\app\app.component.js.map
D:\Version\ПримерAngularAppCatalog\AngularAppCatalog\AngularAppCatalog\ClientApp\app\product.js
D:\Version\ПримерAngularAppCatalog\AngularAppCatalog\AngularAppCatalog\ClientApp\app\product.js.map
D:\Version\ПримерAngularAppCatalog\AngularAppCatalog\AngularAppCatalog\ClientApp\app\data.service.js
D:\Version\ПримерAngularAppCatalog\AngularAppCatalog\AngularAppCatalog\ClientApp\app\data.service.js.map
D:\Version\ПримерAngularAppCatalog\AngularAppCatalog\AngularAppCatalog\ClientApp\app\product-list.component.js
D:\Version\ПримерAngularAppCatalog\AngularAppCatalog\AngularAppCatalog\ClientApp\app\product-list.component.js.map
D:\Version\ПримерAngularAppCatalog\AngularAppCatalog\AngularAppCatalog\ClientApp\app\product-form.component.js
D:\Version\ПримерAngularAppCatalog\AngularAppCatalog\AngularAppCatalog\ClientApp\app\product-form.component.js.map
D:\Version\ПримерAngularAppCatalog\AngularAppCatalog\AngularAppCatalog\ClientApp\app\product-create.component.js
D:\Version\ПримерAngularAppCatalog\AngularAppCatalog\AngularAppCatalog\ClientApp\app\product-create.component.js.map
D:\Version\ПримерAngularAppCatalog\AngularAppCatalog\AngularAppCatalog\ClientApp\app\product-edit.component.js
D:\Version\ПримерAngularAppCatalog\AngularAppCatalog\AngularAppCatalog\ClientApp\app\product-edit.component.js.map
D:\Version\ПримерAngularAppCatalog\AngularAppCatalog\AngularAppCatalog\ClientApp\app\not-found.component.js
D:\Version\ПримерAngularAppCatalog\AngularAppCatalog\AngularAppCatalog\ClientApp\app\not-found.component.js.map
D:\Version\ПримерAngularAppCatalog\AngularAppCatalog\AngularAppCatalog\ClientApp\app\app.module.js
D:\Version\ПримерAngularAppCatalog\AngularAppCatalog\AngularAppCatalog\ClientApp\app\app.module.js.map
D:\Version\ПримерAngularAppCatalog\AngularAppCatalog\AngularAppCatalog\ClientApp\main.js
D:\Version\ПримерAngularAppCatalog\AngularAppCatalog\AngularAppCatalog\ClientApp\main.js.map
D:\Version\ПримерAngularAppCatalog\AngularAppCatalog\AngularAppCatalog\ClientApp\polyfills.js
D:\Version\ПримерAngularAppCatalog\AngularAppCatalog\AngularAppCatalog\ClientApp\polyfills.js.map
